Arguments: 
  /usr/local/Cellar/node/12.10.0/bin/node /usr/local/Cellar/yarn/1.17.3/libexec/bin/yarn.js add @hapi/hapi

PATH: 
  /usr/local/bin:/usr/bin:/bin:/usr/sbin:/sbin:/Users/bruno/Library/Android/sdk/emulator:/Users/bruno/Library/Android/sdk/tools:/Users/bruno/Library/Android/sdk/tools/bin:/Users/bruno/Library/Android/sdk/platform-tools

Yarn version: 
  1.17.3

Node version: 
  12.10.0

Platform: 
  darwin x64

Trace: 
  SyntaxError: /Users/bruno/Desktop/empresas/transformacao_digital/clientes/assespro/projeto/votacao/backend/package.json: Unexpected token } in JSON at position 398
      at JSON.parse (<anonymous>)
      at /usr/local/Cellar/yarn/1.17.3/libexec/lib/cli.js:1625:59
      at Generator.next (<anonymous>)
      at step (/usr/local/Cellar/yarn/1.17.3/libexec/lib/cli.js:304:30)
      at /usr/local/Cellar/yarn/1.17.3/libexec/lib/cli.js:315:13

npm manifest: 
  {
    "name": "assespro-voting-backend",
    "version": "0.1.0",
    "description": "",
    "main": "index.js",
    "scripts": {
      "test": "echo \"Error: no test specified\" && exit 1"
    },
    "repository": {
      "type": "git",
      "url": "git@gitlab.marcasnaweb.com.br:assespro/vota-o-backend.git"
    },
    "author": "Bruno Almeida",
    "license": "ISC",
    "dependencies": {
      "@hapi/cookie": "^10.1.2",
  
    }
  }

yarn manifest: 
  No manifest

Lockfile: 
  # THIS IS AN AUTOGENERATED FILE. DO NOT EDIT THIS FILE DIRECTLY.
  # yarn lockfile v1
  
  
  "@hapi/address@^2.1.1":
    version "2.1.1"
    resolved "https://registry.yarnpkg.com/@hapi/address/-/address-2.1.1.tgz#61395b5ed94c4cb19c2dc4c85969cff3d40d583f"
    integrity sha512-DYuHzu978pP1XW1GD3HGvLnAFjbQTIgc2+V153FGkbS2pgo9haigCdwBnUDrbhaOkgiJlbZvoEqDrcxSLHpiWA==
  
  "@hapi/boom@7.x.x":
    version "7.4.7"
    resolved "https://registry.yarnpkg.com/@hapi/boom/-/boom-7.4.7.tgz#69c8a73348294eeb3b01e2d37fcf143cb32e1c54"
    integrity sha512-MaZsoOZE4oFhYiohsDLxs5tubcFyqE2yIi9KEHWLTgCI6KKPoEf0EKHcaypUoxT4yIjULiTyd1tDkPtku7Ualg==
    dependencies:
      "@hapi/hoek" "8.x.x"
  
  "@hapi/bounce@1.x.x":
    version "1.3.1"
    resolved "https://registry.yarnpkg.com/@hapi/bounce/-/bounce-1.3.1.tgz#7e0017300fa92b21bc6706590cac08f6085899e1"
    integrity sha512-/ecFQTRBom2MEbjMHvKKE6FZ/e1gYK72CeUIFzz++dKK1kYJ0KbRJ72mXroWoTT2hIv+8H0ua/eOkO0+hRdHcw==
    dependencies:
      "@hapi/boom" "7.x.x"
      "@hapi/hoek" "8.x.x"
  
  "@hapi/cookie@^10.1.2":
    version "10.1.2"
    resolved "https://registry.yarnpkg.com/@hapi/cookie/-/cookie-10.1.2.tgz#9ea7d80f05d764faaf892b84e80c1bf13f5e3bf5"
    integrity sha512-wch/uT5NgDEujmaLIqUoohbEP6PUr4ML2Z6zqheWHeHrSzXangPH4dveW+fiMsoPMW2S9ecAyUjCfkh4qRfxjg==
    dependencies:
      "@hapi/boom" "7.x.x"
      "@hapi/bounce" "1.x.x"
      "@hapi/hoek" "8.x.x"
      "@hapi/joi" "16.x.x"
  
  "@hapi/formula@^1.2.0":
    version "1.2.0"
    resolved "https://registry.yarnpkg.com/@hapi/formula/-/formula-1.2.0.tgz#994649c7fea1a90b91a0a1e6d983523f680e10cd"
    integrity sha512-UFbtbGPjstz0eWHb+ga/GM3Z9EzqKXFWIbSOFURU0A/Gku0Bky4bCk9/h//K2Xr3IrCfjFNhMm4jyZ5dbCewGA==
  
  "@hapi/hoek@8.x.x", "@hapi/hoek@^8.2.4":
    version "8.2.4"
    resolved "https://registry.yarnpkg.com/@hapi/hoek/-/hoek-8.2.4.tgz#684a14f4ca35d46f44abc87dfc696e5e4fe8a020"
    integrity sha512-Ze5SDNt325yZvNO7s5C4fXDscjJ6dcqLFXJQ/M7dZRQCewuDj2iDUuBi6jLQt+APbW9RjjVEvLr35FXuOEqjow==
  
  "@hapi/joi@16.x.x":
    version "16.1.2"
    resolved "https://registry.yarnpkg.com/@hapi/joi/-/joi-16.1.2.tgz#c566d9e0d81d6847f7622f7d5e23adadaa2d7332"
    integrity sha512-wkMIEMQQPNmat9P7zws7wO8Gon9W3NgG5Pac1m0LK8bQ1bbszofxzL0CJogAgzitk5rZZw5/txR+wOK/ioLmGw==
    dependencies:
      "@hapi/address" "^2.1.1"
      "@hapi/formula" "^1.2.0"
      "@hapi/hoek" "^8.2.4"
      "@hapi/pinpoint" "^1.0.2"
      "@hapi/topo" "^3.1.3"
  
  "@hapi/pinpoint@^1.0.2":
    version "1.0.2"
    resolved "https://registry.yarnpkg.com/@hapi/pinpoint/-/pinpoint-1.0.2.tgz#025b7a36dbbf4d35bf1acd071c26b20ef41e0d13"
    integrity sha512-dtXC/WkZBfC5vxscazuiJ6iq4j9oNx1SHknmIr8hofarpKUZKmlUVYVIhNVzIEgK5Wrc4GMHL5lZtt1uS2flmQ==
  
  "@hapi/topo@^3.1.3":
    version "3.1.4"
    resolved "https://registry.yarnpkg.com/@hapi/topo/-/topo-3.1.4.tgz#42e2fe36f593d90ad258a08b582be128c141c45d"
    integrity sha512-aVWQTOI9wBD6zawmOr6f+tdEIxQC8JXfQVLTjgGe8YEStAWGn/GNNVTobKJhbWKveQj2RyYF3oYbO9SC8/eOCA==
    dependencies:
      "@hapi/hoek" "8.x.x"
  
  accept@3.x.x:
    version "3.1.3"
    resolved "https://registry.yarnpkg.com/accept/-/accept-3.1.3.tgz#29c3e2b3a8f4eedbc2b690e472b9ebbdc7385e87"
    integrity sha512-OgOEAidVEOKPup+Gv2+2wdH2AgVKI9LxsJ4hicdJ6cY0faUuZdZoi56kkXWlHp9qicN1nWQLmW5ZRGk+SBS5xg==
    dependencies:
      boom "7.x.x"
      hoek "6.x.x"
  
  ammo@3.x.x:
    version "3.0.3"
    resolved "https://registry.yarnpkg.com/ammo/-/ammo-3.0.3.tgz#502aafa9d8bfca264143e226e5f322716e746b0c"
    integrity sha512-vo76VJ44MkUBZL/BzpGXaKzMfroF4ZR6+haRuw9p+eSWfoNaH2AxVc8xmiEPC08jhzJSeM6w7/iMUGet8b4oBQ==
    dependencies:
      hoek "6.x.x"
  
  b64@4.x.x:
    version "4.1.2"
    resolved "https://registry.yarnpkg.com/b64/-/b64-4.1.2.tgz#7015372ba8101f7fb18da070717a93c28c8580d8"
    integrity sha512-+GUspBxlH3CJaxMUGUE1EBoWM6RKgWiYwUDal0qdf8m3ArnXNN1KzKVo5HOnE/FSq4HHyWf3TlHLsZI8PKQgrQ==
    dependencies:
      hoek "6.x.x"
  
  boom@7.x.x, boom@^7.2.0:
    version "7.3.0"
    resolved "https://registry.yarnpkg.com/boom/-/boom-7.3.0.tgz#733a6d956d33b0b1999da3fe6c12996950d017b9"
    integrity sha512-Swpoyi2t5+GhOEGw8rEsKvTxFLIDiiKoUc2gsoV6Lyr43LHBIzch3k2MvYUs8RTROrIkVJ3Al0TkaOGjnb+B6A==
    dependencies:
      hoek "6.x.x"
  
  bounce@1.x.x:
    version "1.2.3"
    resolved "https://registry.yarnpkg.com/bounce/-/bounce-1.2.3.tgz#2b286d36eb21d5f08fe672dd8cd37a109baad121"
    integrity sha512-3G7B8CyBnip5EahCZJjnvQ1HLyArC6P5e+xcolo13BVI9ogFaDOsNMAE7FIWliHtIkYI8/nTRCvCY9tZa3Mu4g==
    dependencies:
      boom "7.x.x"
      hoek "6.x.x"
  
  bourne@1.x.x:
    version "1.1.2"
    resolved "https://registry.yarnpkg.com/bourne/-/bourne-1.1.2.tgz#e290b5bd7166635632eaf8ef12b006b2d4a75b83"
    integrity sha512-b2dgVkTZhkQirNMohgC00rWfpVqEi9y5tKM1k3JvoNx05ODtfQoPPd4js9CYFQoY0IM8LAmnJulEuWv74zjUOg==
  
  call@5.x.x:
    version "5.0.3"
    resolved "https://registry.yarnpkg.com/call/-/call-5.0.3.tgz#5dc82c698141c2d45c51a9c3c7e0697f43ac46a2"
    integrity sha512-eX16KHiAYXugbFu6VifstSdwH6aMuWWb4s0qvpq1nR1b+Sf+u68jjttg8ixDBEldPqBi30bDU35OJQWKeTLKxg==
    dependencies:
      boom "7.x.x"
      hoek "6.x.x"
  
  catbox-memory@4.x.x:
    version "4.0.1"
    resolved "https://registry.yarnpkg.com/catbox-memory/-/catbox-memory-4.0.1.tgz#3371ae0dd91bbf5d9dd88dcab5332470354cbd1f"
    integrity sha512-ZmqNiLsYCIu9qvBJ/MQbznDV2bFH5gFiH67TgIJgSSffJFtTXArT+MM3AvJQlby9NSkLHOX4eH/uuUqnch/Ldw==
    dependencies:
      boom "7.x.x"
      hoek "6.x.x"
  
  catbox@10.x.x:
    version "10.0.6"
    resolved "https://registry.yarnpkg.com/catbox/-/catbox-10.0.6.tgz#d8d8dc3c36c965560539f94245904b229a8af428"
    integrity sha512-gQWCnF/jbHcfwGbQ4FQxyRiAwLRipqWTTXjpq7rTqqdcsnZosFa0L3LsCZcPTF33QIeMMkS7QmFBHt6QdzGPvg==
    dependencies:
      boom "7.x.x"
      hoek "6.x.x"
      joi "14.x.x"
  
  content@4.x.x:
    version "4.0.6"
    resolved "https://registry.yarnpkg.com/content/-/content-4.0.6.tgz#76ffd96c5cbccf64fe3923cbb9c48b8bc04b273e"
    integrity sha512-lR9ND3dXiMdmsE84K6l02rMdgiBVmtYWu1Vr/gfSGHcIcznBj2QxmSdUgDuNFOA+G9yrb1IIWkZ7aKtB6hDGyA==
    dependencies:
      boom "7.x.x"
  
  cryptiles@4.x.x:
    version "4.1.3"
    resolved "https://registry.yarnpkg.com/cryptiles/-/cryptiles-4.1.3.tgz#2461d3390ea0b82c643a6ba79f0ed491b0934c25"
    integrity sha512-gT9nyTMSUC1JnziQpPbxKGBbUg8VL7Zn2NB4E1cJYvuXdElHrwxrV9bmltZGDzet45zSDGyYceueke1TjynGzw==
    dependencies:
      boom "7.x.x"
  
  hapi-authorization@^4.0.0:
    version "4.0.0"
    resolved "https://registry.yarnpkg.com/hapi-authorization/-/hapi-authorization-4.0.0.tgz#4c063451a50422588284484c2a22409d682deed2"
    integrity sha512-ghLkRuDGLINPv2HMWK0gI1WFEfbWE5amOd770yzV7PfupQDBTkwOjstjH853cpicKK7Nm+d6UQcq8SYO903E9w==
    dependencies:
      boom "^7.2.0"
      hoek "^5.0.3"
      joi "^13.4.0"
      underscore "^1.9.1"
  
  hapi@^18.1.0:
    version "18.1.0"
    resolved "https://registry.yarnpkg.com/hapi/-/hapi-18.1.0.tgz#98a2a5a8f37a41eb196bdad9727f66b1fbca5fec"
    integrity sha512-nSU1VLyTAgp7P5gy47QzJIP2JAb+wOFvJIV3gnL0lFj/mD+HuTXhyUsDYXjF/dhADMVXVEz31z6SUHBJhtsvGA==
    dependencies:
      accept "3.x.x"
      ammo "3.x.x"
      boom "7.x.x"
      bounce "1.x.x"
      call "5.x.x"
      catbox "10.x.x"
      catbox-memory "4.x.x"
      heavy "6.x.x"
      hoek "6.x.x"
      joi "14.x.x"
      mimos "4.x.x"
      podium "3.x.x"
      shot "4.x.x"
      somever "2.x.x"
      statehood "6.x.x"
      subtext "6.x.x"
      teamwork "3.x.x"
      topo "3.x.x"
  
  heavy@6.x.x:
    version "6.1.2"
    resolved "https://registry.yarnpkg.com/heavy/-/heavy-6.1.2.tgz#e5d56f18170a37b01d4381bc07fece5edc68520b"
    integrity sha512-cJp884bqhiebNcEHydW0g6V1MUGYOXRPw9c7MFiHQnuGxtbWuSZpsbojwb2kxb3AA1/Rfs8CNiV9MMOF8pFRDg==
    dependencies:
      boom "7.x.x"
      hoek "6.x.x"
      joi "14.x.x"
  
  hoek@5.x.x, hoek@^5.0.3:
    version "5.0.4"
    resolved "https://registry.yarnpkg.com/hoek/-/hoek-5.0.4.tgz#0f7fa270a1cafeb364a4b2ddfaa33f864e4157da"
    integrity sha512-Alr4ZQgoMlnere5FZJsIyfIjORBqZll5POhDsF4q64dPuJR6rNxXdDxtHSQq8OXRurhmx+PWYEE8bXRROY8h0w==
  
  hoek@6.x.x:
    version "6.1.3"
    resolved "https://registry.yarnpkg.com/hoek/-/hoek-6.1.3.tgz#73b7d33952e01fe27a38b0457294b79dd8da242c"
    integrity sha512-YXXAAhmF9zpQbC7LEcREFtXfGq5K1fmd+4PHkBq8NUqmzW3G+Dq10bI/i0KucLRwss3YYFQ0fSfoxBZYiGUqtQ==
  
  iron@5.x.x:
    version "5.0.6"
    resolved "https://registry.yarnpkg.com/iron/-/iron-5.0.6.tgz#7121d4a6e3ac2f65e4d02971646fea1995434744"
    integrity sha512-zYUMOSkEXGBdwlV/AXF9zJC0aLuTJUKHkGeYS5I2g225M5i6SrxQyGJGhPgOR8BK1omL6N5i6TcwfsXbP8/Exw==
    dependencies:
      b64 "4.x.x"
      boom "7.x.x"
      cryptiles "4.x.x"
      hoek "6.x.x"
  
  isemail@3.x.x:
    version "3.2.0"
    resolved "https://registry.yarnpkg.com/isemail/-/isemail-3.2.0.tgz#59310a021931a9fb06bbb51e155ce0b3f236832c"
    integrity sha512-zKqkK+O+dGqevc93KNsbZ/TqTUFd46MwWjYOoMrjIMZ51eU7DtQG3Wmd9SQQT7i7RVnuTPEiYEWHU3MSbxC1Tg==
    dependencies:
      punycode "2.x.x"
  
  joi@14.x.x:
    version "14.3.1"
    resolved "https://registry.yarnpkg.com/joi/-/joi-14.3.1.tgz#164a262ec0b855466e0c35eea2a885ae8b6c703c"
    integrity sha512-LQDdM+pkOrpAn4Lp+neNIFV3axv1Vna3j38bisbQhETPMANYRbFJFUyOZcOClYvM/hppMhGWuKSFEK9vjrB+bQ==
    dependencies:
      hoek "6.x.x"
      isemail "3.x.x"
      topo "3.x.x"
  
  joi@^13.4.0:
    version "13.7.0"
    resolved "https://registry.yarnpkg.com/joi/-/joi-13.7.0.tgz#cfd85ebfe67e8a1900432400b4d03bbd93fb879f"
    integrity sha512-xuY5VkHfeOYK3Hdi91ulocfuFopwgbSORmIwzcwHKESQhC7w1kD5jaVSPnqDxS2I8t3RZ9omCKAxNwXN5zG1/Q==
    dependencies:
      hoek "5.x.x"
      isemail "3.x.x"
      topo "3.x.x"
  
  mime-db@1.x.x:
    version "1.41.0"
    resolved "https://registry.yarnpkg.com/mime-db/-/mime-db-1.41.0.tgz#9110408e1f6aa1b34aef51f2c9df3caddf46b6a0"
    integrity sha512-B5gxBI+2K431XW8C2rcc/lhppbuji67nf9v39eH8pkWoZDxnAL0PxdpH32KYRScniF8qDHBDlI+ipgg5WrCUYw==
  
  mimos@4.x.x:
    version "4.0.2"
    resolved "https://registry.yarnpkg.com/mimos/-/mimos-4.0.2.tgz#f2762d7c60118ce51c2231afa090bc335d21d0f8"
    integrity sha512-5XBsDqBqzSN88XPPH/TFpOalWOjHJM5Z2d3AMx/30iq+qXvYKd/8MPhqBwZDOLtoaIWInR3nLzMQcxfGK9djXA==
    dependencies:
      hoek "6.x.x"
      mime-db "1.x.x"
  
  nigel@3.x.x:
    version "3.0.4"
    resolved "https://registry.yarnpkg.com/nigel/-/nigel-3.0.4.tgz#edcd82f2e9387fe34ba21e3127ae4891547c7945"
    integrity sha512-3SZCCS/duVDGxFpTROHEieC+itDo4UqL9JNUyQJv3rljudQbK6aqus5B4470OxhESPJLN93Qqxg16rH7DUjbfQ==
    dependencies:
      hoek "6.x.x"
      vise "3.x.x"
  
  pez@4.x.x:
    version "4.0.5"
    resolved "https://registry.yarnpkg.com/pez/-/pez-4.0.5.tgz#a975c49deff330d298d82851b39f81c2710556df"
    integrity sha512-HvL8uiFIlkXbx/qw4B8jKDCWzo7Pnnd65Uvanf9OOCtb20MRcb9gtTVBf9NCnhETif1/nzbDHIjAWC/sUp7LIQ==
    dependencies:
      b64 "4.x.x"
      boom "7.x.x"
      content "4.x.x"
      hoek "6.x.x"
      nigel "3.x.x"
  
  podium@3.x.x:
    version "3.2.0"
    resolved "https://registry.yarnpkg.com/podium/-/podium-3.2.0.tgz#2a7c579ddd5408f412d014c9ffac080c41d83477"
    integrity sha512-rbwvxwVkI6gRRlxZQ1zUeafrpGxZ7QPHIheinehAvGATvGIPfWRkaTeWedc5P4YjXJXEV8ZbBxPtglNylF9hjw==
    dependencies:
      hoek "6.x.x"
      joi "14.x.x"
  
  punycode@2.x.x:
    version "2.1.1"
    resolved "https://registry.yarnpkg.com/punycode/-/punycode-2.1.1.tgz#b58b010ac40c22c5657616c8d2c2c02c7bf479ec"
    integrity sha512-XRsRjdf+j5ml+y/6GKHPZbrF/8p2Yga0JPtdqTIY2Xe5ohJPD9saDJJLPvp9+NSBprVvevdXZybnj2cv8OEd0A==
  
  shot@4.x.x:
    version "4.0.7"
    resolved "https://registry.yarnpkg.com/shot/-/shot-4.0.7.tgz#b05d2858634fedc18ece99e8f638fab7c9f9d4c4"
    integrity sha512-RKaKAGKxJ11EjJl0cf2fYVSsd4KB5Cncb9J0v7w+0iIaXpxNqFWTYNDNhBX7f0XSyDrjOH9a4OWZ9Gp/ZML+ew==
    dependencies:
      hoek "6.x.x"
      joi "14.x.x"
  
  somever@2.x.x:
    version "2.0.0"
    resolved "https://registry.yarnpkg.com/somever/-/somever-2.0.0.tgz#7bdbed3bee8ece2c7c8a2e7d9a1c022bd98d6c89"
    integrity sha512-9JaIPP+HxwYGqCDqqK3tRaTqdtQHoK6Qy3IrXhIt2q5x8fs8RcfU7BMWlFTCOgFazK8p88zIv1tHQXvAwtXMyw==
    dependencies:
      bounce "1.x.x"
      hoek "6.x.x"
  
  statehood@6.x.x:
    version "6.0.9"
    resolved "https://registry.yarnpkg.com/statehood/-/statehood-6.0.9.tgz#b347ae19818aec7fc26645fe1ec6a61928a57a3c"
    integrity sha512-jbFg1+MYEqfC7ABAoWZoeF4cQUtp3LUvMDUGExL76cMmleBHG7I6xlZFsE8hRi7nEySIvutHmVlLmBe9+2R5LQ==
    dependencies:
      boom "7.x.x"
      bounce "1.x.x"
      bourne "1.x.x"
      cryptiles "4.x.x"
      hoek "6.x.x"
      iron "5.x.x"
      joi "14.x.x"
  
  subtext@6.x.x:
    version "6.0.12"
    resolved "https://registry.yarnpkg.com/subtext/-/subtext-6.0.12.tgz#ac09be3eac1eca3396933adeadd65fc781f64fc1"
    integrity sha512-yT1wCDWVgqvL9BIkWzWqgj5spUSYo/Enu09iUV8t2ZvHcr2tKGTGg2kc9tUpVEsdhp1ihsZeTAiDqh0TQciTPQ==
    dependencies:
      boom "7.x.x"
      bourne "1.x.x"
      content "4.x.x"
      hoek "6.x.x"
      pez "4.x.x"
      wreck "14.x.x"
  
  teamwork@3.x.x:
    version "3.2.0"
    resolved "https://registry.yarnpkg.com/teamwork/-/teamwork-3.2.0.tgz#27916edab815459c1a4686252eb18fb5925f49fa"
    integrity sha512-xAmJ8PIVjRZMXAHgUuOP8ITsv0SedyWAit2UWiNImXgg/F+BxrsG46ZegElNBM0Dwp+iMfbigg/Ll/M2oDRYww==
  
  topo@3.x.x:
    version "3.0.3"
    resolved "https://registry.yarnpkg.com/topo/-/topo-3.0.3.tgz#d5a67fb2e69307ebeeb08402ec2a2a6f5f7ad95c"
    integrity sha512-IgpPtvD4kjrJ7CRA3ov2FhWQADwv+Tdqbsf1ZnPUSAtCJ9e1Z44MmoSGDXGk4IppoZA7jd/QRkNddlLJWlUZsQ==
    dependencies:
      hoek "6.x.x"
  
  underscore@^1.9.1:
    version "1.9.1"
    resolved "https://registry.yarnpkg.com/underscore/-/underscore-1.9.1.tgz#06dce34a0e68a7babc29b365b8e74b8925203961"
    integrity sha512-5/4etnCkd9c8gwgowi5/om/mYO5ajCaOgdzj/oW+0eQV9WxKBDZw5+ycmKmeaTXjInS/W0BzpGLo2xR2aBwZdg==
  
  vise@3.x.x:
    version "3.0.2"
    resolved "https://registry.yarnpkg.com/vise/-/vise-3.0.2.tgz#9a8b7450f783aa776faa327fe47d7bfddb227266"
    integrity sha512-X52VtdRQbSBXdjcazRiY3eRgV3vTQ0B+7Wh8uC9cVv7lKfML5m9+9NHlbcgCY0R9EAqD1v/v7o9mhGh2A3ANFg==
    dependencies:
      hoek "6.x.x"
  
  wreck@14.x.x:
    version "14.2.0"
    resolved "https://registry.yarnpkg.com/wreck/-/wreck-14.2.0.tgz#0064a5b930fc675f57830c1fd28342da1a70b0fc"
    integrity sha512-NFFft3SMgqrJbXEVfYifh+QDWFxni+98/I7ut7rLbz3F0XOypluHsdo3mdEYssGSirMobM3fGlqhyikbWKDn2Q==
    dependencies:
      boom "7.x.x"
      bourne "1.x.x"
      hoek "6.x.x"
